running egg_info
writing build/mypkg2/mypkg2.egg-info/PKG-INFO
writing dependency_links to build/mypkg2/mypkg2.egg-info/dependency_links.txt
writing entry points to build/mypkg2/mypkg2.egg-info/entry_points.txt
writing requirements to build/mypkg2/mypkg2.egg-info/requires.txt
writing top-level names to build/mypkg2/mypkg2.egg-info/top_level.txt
reading manifest file 'build/mypkg2/mypkg2.egg-info/SOURCES.txt'
writing manifest file 'build/mypkg2/mypkg2.egg-info/SOURCES.txt'
running build
running build_py
copying mypkg2/listener.py -> /home/taisyu/ros2_ws/src/mypkg2/build/mypkg2/build/lib/mypkg2
running install
running install_lib
copying /home/taisyu/ros2_ws/src/mypkg2/build/mypkg2/build/lib/mypkg2/listener.py -> /home/taisyu/ros2_ws/src/mypkg2/install/mypkg2/lib/python3.8/site-packages/mypkg2
byte-compiling /home/taisyu/ros2_ws/src/mypkg2/install/mypkg2/lib/python3.8/site-packages/mypkg2/listener.py to listener.cpython-38.pyc
running install_data
running install_egg_info
removing '/home/taisyu/ros2_ws/src/mypkg2/install/mypkg2/lib/python3.8/site-packages/mypkg2-0.0.0-py3.8.egg-info' (and everything under it)
Copying build/mypkg2/mypkg2.egg-info to /home/taisyu/ros2_ws/src/mypkg2/install/mypkg2/lib/python3.8/site-packages/mypkg2-0.0.0-py3.8.egg-info
running install_scripts
Installing listener script to /home/taisyu/ros2_ws/src/mypkg2/install/mypkg2/lib/mypkg2
Installing talker script to /home/taisyu/ros2_ws/src/mypkg2/install/mypkg2/lib/mypkg2
writing list of installed files to '/home/taisyu/ros2_ws/src/mypkg2/build/mypkg2/install.log'
