[0.597s] Invoking command in '/home/taisyu/ros2_ws/src/mypkg2': PYTHONPATH=/home/taisyu/ros2_ws/src/mypkg2/install/mypkg2/lib/python3.8/site-packages:${PYTHONPATH} /usr/bin/python3 setup.py egg_info --egg-base build/mypkg2 build --build-base /home/taisyu/ros2_ws/src/mypkg2/build/mypkg2/build install --prefix /home/taisyu/ros2_ws/src/mypkg2/install/mypkg2 --record /home/taisyu/ros2_ws/src/mypkg2/build/mypkg2/install.log --single-version-externally-managed
[0.783s] running egg_info
[0.783s] writing build/mypkg2/mypkg2.egg-info/PKG-INFO
[0.784s] writing dependency_links to build/mypkg2/mypkg2.egg-info/dependency_links.txt
[0.784s] writing entry points to build/mypkg2/mypkg2.egg-info/entry_points.txt
[0.784s] writing requirements to build/mypkg2/mypkg2.egg-info/requires.txt
[0.784s] writing top-level names to build/mypkg2/mypkg2.egg-info/top_level.txt
[0.811s] reading manifest file 'build/mypkg2/mypkg2.egg-info/SOURCES.txt'
[0.812s] writing manifest file 'build/mypkg2/mypkg2.egg-info/SOURCES.txt'
[0.812s] running build
[0.812s] running build_py
[0.812s] copying mypkg2/listener.py -> /home/taisyu/ros2_ws/src/mypkg2/build/mypkg2/build/lib/mypkg2
[0.812s] running install
[0.813s] running install_lib
[0.814s] copying /home/taisyu/ros2_ws/src/mypkg2/build/mypkg2/build/lib/mypkg2/listener.py -> /home/taisyu/ros2_ws/src/mypkg2/install/mypkg2/lib/python3.8/site-packages/mypkg2
[0.814s] byte-compiling /home/taisyu/ros2_ws/src/mypkg2/install/mypkg2/lib/python3.8/site-packages/mypkg2/listener.py to listener.cpython-38.pyc
[0.815s] running install_data
[0.815s] running install_egg_info
[0.817s] removing '/home/taisyu/ros2_ws/src/mypkg2/install/mypkg2/lib/python3.8/site-packages/mypkg2-0.0.0-py3.8.egg-info' (and everything under it)
[0.817s] Copying build/mypkg2/mypkg2.egg-info to /home/taisyu/ros2_ws/src/mypkg2/install/mypkg2/lib/python3.8/site-packages/mypkg2-0.0.0-py3.8.egg-info
[0.817s] running install_scripts
[0.833s] Installing listener script to /home/taisyu/ros2_ws/src/mypkg2/install/mypkg2/lib/mypkg2
[0.833s] Installing talker script to /home/taisyu/ros2_ws/src/mypkg2/install/mypkg2/lib/mypkg2
[0.833s] writing list of installed files to '/home/taisyu/ros2_ws/src/mypkg2/build/mypkg2/install.log'
[0.860s] Invoked command in '/home/taisyu/ros2_ws/src/mypkg2' returned '0': PYTHONPATH=/home/taisyu/ros2_ws/src/mypkg2/install/mypkg2/lib/python3.8/site-packages:${PYTHONPATH} /usr/bin/python3 setup.py egg_info --egg-base build/mypkg2 build --build-base /home/taisyu/ros2_ws/src/mypkg2/build/mypkg2/build install --prefix /home/taisyu/ros2_ws/src/mypkg2/install/mypkg2 --record /home/taisyu/ros2_ws/src/mypkg2/build/mypkg2/install.log --single-version-externally-managed
