running egg_info
creating build/mypkg2/mypkg2.egg-info
writing build/mypkg2/mypkg2.egg-info/PKG-INFO
writing dependency_links to build/mypkg2/mypkg2.egg-info/dependency_links.txt
writing entry points to build/mypkg2/mypkg2.egg-info/entry_points.txt
writing requirements to build/mypkg2/mypkg2.egg-info/requires.txt
writing top-level names to build/mypkg2/mypkg2.egg-info/top_level.txt
writing manifest file 'build/mypkg2/mypkg2.egg-info/SOURCES.txt'
reading manifest file 'build/mypkg2/mypkg2.egg-info/SOURCES.txt'
writing manifest file 'build/mypkg2/mypkg2.egg-info/SOURCES.txt'
running build
running build_py
creating /home/taisyu/ros2_ws/src/mypkg2/build/mypkg2/build
creating /home/taisyu/ros2_ws/src/mypkg2/build/mypkg2/build/lib
creating /home/taisyu/ros2_ws/src/mypkg2/build/mypkg2/build/lib/mypkg2
copying mypkg2/__init__.py -> /home/taisyu/ros2_ws/src/mypkg2/build/mypkg2/build/lib/mypkg2
copying mypkg2/listener.py -> /home/taisyu/ros2_ws/src/mypkg2/build/mypkg2/build/lib/mypkg2
copying mypkg2/talker.py -> /home/taisyu/ros2_ws/src/mypkg2/build/mypkg2/build/lib/mypkg2
running install
running install_lib
creating /home/taisyu/ros2_ws/src/mypkg2/install/mypkg2/lib/python3.8/site-packages/mypkg2
copying /home/taisyu/ros2_ws/src/mypkg2/build/mypkg2/build/lib/mypkg2/__init__.py -> /home/taisyu/ros2_ws/src/mypkg2/install/mypkg2/lib/python3.8/site-packages/mypkg2
copying /home/taisyu/ros2_ws/src/mypkg2/build/mypkg2/build/lib/mypkg2/listener.py -> /home/taisyu/ros2_ws/src/mypkg2/install/mypkg2/lib/python3.8/site-packages/mypkg2
copying /home/taisyu/ros2_ws/src/mypkg2/build/mypkg2/build/lib/mypkg2/talker.py -> /home/taisyu/ros2_ws/src/mypkg2/install/mypkg2/lib/python3.8/site-packages/mypkg2
byte-compiling /home/taisyu/ros2_ws/src/mypkg2/install/mypkg2/lib/python3.8/site-packages/mypkg2/__init__.py to __init__.cpython-38.pyc
byte-compiling /home/taisyu/ros2_ws/src/mypkg2/install/mypkg2/lib/python3.8/site-packages/mypkg2/listener.py to listener.cpython-38.pyc
byte-compiling /home/taisyu/ros2_ws/src/mypkg2/install/mypkg2/lib/python3.8/site-packages/mypkg2/talker.py to talker.cpython-38.pyc
running install_data
creating /home/taisyu/ros2_ws/src/mypkg2/install/mypkg2/share/ament_index
creating /home/taisyu/ros2_ws/src/mypkg2/install/mypkg2/share/ament_index/resource_index
creating /home/taisyu/ros2_ws/src/mypkg2/install/mypkg2/share/ament_index/resource_index/packages
copying resource/mypkg2 -> /home/taisyu/ros2_ws/src/mypkg2/install/mypkg2/share/ament_index/resource_index/packages
copying package.xml -> /home/taisyu/ros2_ws/src/mypkg2/install/mypkg2/share/mypkg2
running install_egg_info
Copying build/mypkg2/mypkg2.egg-info to /home/taisyu/ros2_ws/src/mypkg2/install/mypkg2/lib/python3.8/site-packages/mypkg2-0.0.0-py3.8.egg-info
running install_scripts
Installing talker = mypkg2.talker:mainlistener script to /home/taisyu/ros2_ws/src/mypkg2/install/mypkg2/lib/mypkg2
writing list of installed files to '/home/taisyu/ros2_ws/src/mypkg2/build/mypkg2/install.log'
