[0.606s] Invoking command in '/home/taisyu/ros2_ws/src/mypkg2': PYTHONPATH=/home/taisyu/ros2_ws/src/mypkg2/install/mypkg2/lib/python3.8/site-packages:${PYTHONPATH} /usr/bin/python3 setup.py egg_info --egg-base build/mypkg2 build --build-base /home/taisyu/ros2_ws/src/mypkg2/build/mypkg2/build install --prefix /home/taisyu/ros2_ws/src/mypkg2/install/mypkg2 --record /home/taisyu/ros2_ws/src/mypkg2/build/mypkg2/install.log --single-version-externally-managed
[0.784s] running egg_info
[0.784s] creating build/mypkg2/mypkg2.egg-info
[0.785s] writing build/mypkg2/mypkg2.egg-info/PKG-INFO
[0.785s] writing dependency_links to build/mypkg2/mypkg2.egg-info/dependency_links.txt
[0.785s] writing entry points to build/mypkg2/mypkg2.egg-info/entry_points.txt
[0.785s] writing requirements to build/mypkg2/mypkg2.egg-info/requires.txt
[0.785s] writing top-level names to build/mypkg2/mypkg2.egg-info/top_level.txt
[0.786s] writing manifest file 'build/mypkg2/mypkg2.egg-info/SOURCES.txt'
[0.813s] reading manifest file 'build/mypkg2/mypkg2.egg-info/SOURCES.txt'
[0.813s] writing manifest file 'build/mypkg2/mypkg2.egg-info/SOURCES.txt'
[0.813s] running build
[0.814s] running build_py
[0.814s] creating /home/taisyu/ros2_ws/src/mypkg2/build/mypkg2/build
[0.814s] creating /home/taisyu/ros2_ws/src/mypkg2/build/mypkg2/build/lib
[0.814s] creating /home/taisyu/ros2_ws/src/mypkg2/build/mypkg2/build/lib/mypkg2
[0.814s] copying mypkg2/__init__.py -> /home/taisyu/ros2_ws/src/mypkg2/build/mypkg2/build/lib/mypkg2
[0.814s] copying mypkg2/listener.py -> /home/taisyu/ros2_ws/src/mypkg2/build/mypkg2/build/lib/mypkg2
[0.814s] copying mypkg2/talker.py -> /home/taisyu/ros2_ws/src/mypkg2/build/mypkg2/build/lib/mypkg2
[0.814s] running install
[0.815s] running install_lib
[0.815s] creating /home/taisyu/ros2_ws/src/mypkg2/install/mypkg2/lib/python3.8/site-packages/mypkg2
[0.815s] copying /home/taisyu/ros2_ws/src/mypkg2/build/mypkg2/build/lib/mypkg2/__init__.py -> /home/taisyu/ros2_ws/src/mypkg2/install/mypkg2/lib/python3.8/site-packages/mypkg2
[0.816s] copying /home/taisyu/ros2_ws/src/mypkg2/build/mypkg2/build/lib/mypkg2/listener.py -> /home/taisyu/ros2_ws/src/mypkg2/install/mypkg2/lib/python3.8/site-packages/mypkg2
[0.816s] copying /home/taisyu/ros2_ws/src/mypkg2/build/mypkg2/build/lib/mypkg2/talker.py -> /home/taisyu/ros2_ws/src/mypkg2/install/mypkg2/lib/python3.8/site-packages/mypkg2
[0.816s] byte-compiling /home/taisyu/ros2_ws/src/mypkg2/install/mypkg2/lib/python3.8/site-packages/mypkg2/__init__.py to __init__.cpython-38.pyc
[0.817s] byte-compiling /home/taisyu/ros2_ws/src/mypkg2/install/mypkg2/lib/python3.8/site-packages/mypkg2/listener.py to listener.cpython-38.pyc
[0.817s] byte-compiling /home/taisyu/ros2_ws/src/mypkg2/install/mypkg2/lib/python3.8/site-packages/mypkg2/talker.py to talker.cpython-38.pyc
[0.817s] running install_data
[0.818s] creating /home/taisyu/ros2_ws/src/mypkg2/install/mypkg2/share/ament_index
[0.818s] creating /home/taisyu/ros2_ws/src/mypkg2/install/mypkg2/share/ament_index/resource_index
[0.818s] creating /home/taisyu/ros2_ws/src/mypkg2/install/mypkg2/share/ament_index/resource_index/packages
[0.818s] copying resource/mypkg2 -> /home/taisyu/ros2_ws/src/mypkg2/install/mypkg2/share/ament_index/resource_index/packages
[0.818s] copying package.xml -> /home/taisyu/ros2_ws/src/mypkg2/install/mypkg2/share/mypkg2
[0.818s] running install_egg_info
[0.819s] Copying build/mypkg2/mypkg2.egg-info to /home/taisyu/ros2_ws/src/mypkg2/install/mypkg2/lib/python3.8/site-packages/mypkg2-0.0.0-py3.8.egg-info
[0.820s] running install_scripts
[0.838s] Installing talker = mypkg2.talker:mainlistener script to /home/taisyu/ros2_ws/src/mypkg2/install/mypkg2/lib/mypkg2
[0.838s] writing list of installed files to '/home/taisyu/ros2_ws/src/mypkg2/build/mypkg2/install.log'
[0.867s] Invoked command in '/home/taisyu/ros2_ws/src/mypkg2' returned '0': PYTHONPATH=/home/taisyu/ros2_ws/src/mypkg2/install/mypkg2/lib/python3.8/site-packages:${PYTHONPATH} /usr/bin/python3 setup.py egg_info --egg-base build/mypkg2 build --build-base /home/taisyu/ros2_ws/src/mypkg2/build/mypkg2/build install --prefix /home/taisyu/ros2_ws/src/mypkg2/install/mypkg2 --record /home/taisyu/ros2_ws/src/mypkg2/build/mypkg2/install.log --single-version-externally-managed
