[0.123s] DEBUG:colcon:Command line arguments: ['/usr/bin/colcon', 'build', '--packages-select', 'mypkg2']
[0.123s] DEBUG:colcon:Parsed command line arguments: Namespace(allow_overriding=[], ament_cmake_args=None, base_paths=['.'], build_base='build', catkin_cmake_args=None, catkin_skip_building_tests=False, cmake_args=None, cmake_clean_cache=False, cmake_clean_first=False, cmake_force_configure=False, cmake_target=None, cmake_target_skip_unavailable=False, continue_on_error=False, event_handlers=None, executor='parallel', ignore_user_meta=False, install_base='install', log_base=None, log_level=None, main=<bound method BuildVerb.main of <colcon_core.verb.build.BuildVerb object at 0x7f1e23930190>>, merge_install=False, metas=['./colcon.meta'], packages_above=None, packages_above_and_dependencies=None, packages_above_depth=None, packages_end=None, packages_ignore=None, packages_ignore_regex=None, packages_select=['mypkg2'], packages_select_build_failed=False, packages_select_by_dep=None, packages_select_regex=None, packages_select_test_failures=False, packages_skip=None, packages_skip_build_finished=False, packages_skip_by_dep=None, packages_skip_regex=None, packages_skip_test_passed=False, packages_skip_up_to=None, packages_start=None, packages_up_to=None, packages_up_to_regex=None, parallel_workers=16, paths=None, symlink_install=False, test_result_base=None, verb_extension=<colcon_core.verb.build.BuildVerb object at 0x7f1e23930190>, verb_name='build', verb_parser=<colcon_defaults.argument_parser.defaults.DefaultArgumentsDecorator object at 0x7f1e239306d0>)
[0.144s] Level 1:colcon.colcon_core.package_discovery:discover_packages(colcon_meta) check parameters
[0.145s] Level 1:colcon.colcon_core.package_discovery:discover_packages(recursive) check parameters
[0.145s] Level 1:colcon.colcon_core.package_discovery:discover_packages(ignore) check parameters
[0.145s] Level 1:colcon.colcon_core.package_discovery:discover_packages(path) check parameters
[0.145s] Level 1:colcon.colcon_core.package_discovery:discover_packages(colcon_meta) discover
[0.145s] Level 1:colcon.colcon_core.package_discovery:discover_packages(recursive) discover
[0.145s] INFO:colcon.colcon_core.package_discovery:Crawling recursively for packages in '/home/taisyu/ros2_ws/src/mypkg2'
[0.145s] Level 1:colcon.colcon_core.package_identification:_identify(.) by extensions ['ignore', 'ignore_ament_install']
[0.145s] Level 1:colcon.colcon_core.package_identification:_identify(.) by extension 'ignore'
[0.145s] Level 1:colcon.colcon_core.package_identification:_identify(.) by extension 'ignore_ament_install'
[0.145s] Level 1:colcon.colcon_core.package_identification:_identify(.) by extensions ['colcon_pkg']
[0.145s] Level 1:colcon.colcon_core.package_identification:_identify(.) by extension 'colcon_pkg'
[0.145s] Level 1:colcon.colcon_core.package_identification:_identify(.) by extensions ['colcon_meta']
[0.145s] Level 1:colcon.colcon_core.package_identification:_identify(.) by extension 'colcon_meta'
[0.145s] Level 1:colcon.colcon_core.package_identification:_identify(.) by extensions ['ros']
[0.145s] Level 1:colcon.colcon_core.package_identification:_identify(.) by extension 'ros'
[0.156s] DEBUG:colcon.colcon_core.package_identification:Package '.' with type 'ros.ament_python' and name 'mypkg2'
[0.156s] Level 1:colcon.colcon_core.package_discovery:discover_packages(recursive) using defaults
[0.156s] Level 1:colcon.colcon_core.package_discovery:discover_packages(ignore) discover
[0.156s] Level 1:colcon.colcon_core.package_discovery:discover_packages(ignore) using defaults
[0.156s] Level 1:colcon.colcon_core.package_discovery:discover_packages(path) discover
[0.156s] Level 1:colcon.colcon_core.package_discovery:discover_packages(path) using defaults
[0.186s] Level 1:colcon.colcon_core.package_discovery:discover_packages(prefix_path) check parameters
[0.186s] Level 1:colcon.colcon_core.package_discovery:discover_packages(prefix_path) discover
[0.189s] DEBUG:colcon.colcon_installed_package_information.package_discovery:Found 3 installed packages in /home/taisyu/ros2_ws/install
[0.190s] DEBUG:colcon.colcon_installed_package_information.package_discovery:Found 256 installed packages in /opt/ros/foxy
[0.192s] Level 1:colcon.colcon_core.package_discovery:discover_packages(prefix_path) using defaults
[0.245s] Level 5:colcon.colcon_core.verb:set package 'mypkg2' build argument 'cmake_args' from command line to 'None'
[0.246s] Level 5:colcon.colcon_core.verb:set package 'mypkg2' build argument 'cmake_target' from command line to 'None'
[0.246s] Level 5:colcon.colcon_core.verb:set package 'mypkg2' build argument 'cmake_target_skip_unavailable' from command line to 'False'
[0.246s] Level 5:colcon.colcon_core.verb:set package 'mypkg2' build argument 'cmake_clean_cache' from command line to 'False'
[0.246s] Level 5:colcon.colcon_core.verb:set package 'mypkg2' build argument 'cmake_clean_first' from command line to 'False'
[0.246s] Level 5:colcon.colcon_core.verb:set package 'mypkg2' build argument 'cmake_force_configure' from command line to 'False'
[0.246s] Level 5:colcon.colcon_core.verb:set package 'mypkg2' build argument 'ament_cmake_args' from command line to 'None'
[0.246s] Level 5:colcon.colcon_core.verb:set package 'mypkg2' build argument 'catkin_cmake_args' from command line to 'None'
[0.246s] Level 5:colcon.colcon_core.verb:set package 'mypkg2' build argument 'catkin_skip_building_tests' from command line to 'False'
[0.246s] DEBUG:colcon.colcon_core.verb:Building package 'mypkg2' with the following arguments: {'ament_cmake_args': None, 'build_base': '/home/taisyu/ros2_ws/src/mypkg2/build/mypkg2', 'catkin_cmake_args': None, 'catkin_skip_building_tests': False, 'cmake_args': None, 'cmake_clean_cache': False, 'cmake_clean_first': False, 'cmake_force_configure': False, 'cmake_target': None, 'cmake_target_skip_unavailable': False, 'install_base': '/home/taisyu/ros2_ws/src/mypkg2/install/mypkg2', 'merge_install': False, 'path': '/home/taisyu/ros2_ws/src/mypkg2', 'symlink_install': False, 'test_result_base': None}
[0.247s] INFO:colcon.colcon_core.executor:Executing jobs using 'parallel' executor
[0.250s] DEBUG:colcon.colcon_parallel_executor.executor.parallel:run_until_complete
[0.250s] INFO:colcon.colcon_ros.task.ament_python.build:Building ROS package in '/home/taisyu/ros2_ws/src/mypkg2' with build type 'ament_python'
[0.251s] Level 1:colcon.colcon_core.shell:create_environment_hook('mypkg2', 'ament_prefix_path')
[0.254s] INFO:colcon.colcon_core.plugin_system:Skipping extension 'colcon_core.shell.bat': Not used on non-Windows systems
[0.255s] INFO:colcon.colcon_core.shell:Creating environment hook '/home/taisyu/ros2_ws/src/mypkg2/install/mypkg2/share/mypkg2/hook/ament_prefix_path.ps1'
[0.255s] INFO:colcon.colcon_core.shell:Creating environment descriptor '/home/taisyu/ros2_ws/src/mypkg2/install/mypkg2/share/mypkg2/hook/ament_prefix_path.dsv'
[0.256s] INFO:colcon.colcon_core.shell:Creating environment hook '/home/taisyu/ros2_ws/src/mypkg2/install/mypkg2/share/mypkg2/hook/ament_prefix_path.sh'
[0.257s] INFO:colcon.colcon_core.shell:Skip shell extension 'powershell' for command environment: Not usable outside of PowerShell
[0.257s] DEBUG:colcon.colcon_core.shell:Skip shell extension 'dsv' for command environment
[0.260s] DEBUG:colcon.colcon_core.shell:Ignoring prefix path '/home/taisyu/catkin_ws/devel'
[0.474s] INFO:colcon.colcon_core.task.python.build:Building Python package in '/home/taisyu/ros2_ws/src/mypkg2'
[0.478s] INFO:colcon.colcon_core.shell:Skip shell extension 'powershell' for command environment: Not usable outside of PowerShell
[0.478s] DEBUG:colcon.colcon_core.shell:Skip shell extension 'dsv' for command environment
[0.482s] DEBUG:colcon.colcon_core.shell:Ignoring prefix path '/home/taisyu/catkin_ws/devel'
[0.858s] DEBUG:colcon.colcon_core.event_handler.log_command:Invoking command in '/home/taisyu/ros2_ws/src/mypkg2': PYTHONPATH=/home/taisyu/ros2_ws/src/mypkg2/install/mypkg2/lib/python3.8/site-packages:${PYTHONPATH} /usr/bin/python3 setup.py egg_info --egg-base build/mypkg2 build --build-base /home/taisyu/ros2_ws/src/mypkg2/build/mypkg2/build install --prefix /home/taisyu/ros2_ws/src/mypkg2/install/mypkg2 --record /home/taisyu/ros2_ws/src/mypkg2/build/mypkg2/install.log --single-version-externally-managed
[1.119s] DEBUG:colcon.colcon_core.event_handler.log_command:Invoked command in '/home/taisyu/ros2_ws/src/mypkg2' returned '0': PYTHONPATH=/home/taisyu/ros2_ws/src/mypkg2/install/mypkg2/lib/python3.8/site-packages:${PYTHONPATH} /usr/bin/python3 setup.py egg_info --egg-base build/mypkg2 build --build-base /home/taisyu/ros2_ws/src/mypkg2/build/mypkg2/build install --prefix /home/taisyu/ros2_ws/src/mypkg2/install/mypkg2 --record /home/taisyu/ros2_ws/src/mypkg2/build/mypkg2/install.log --single-version-externally-managed
[1.127s] Level 1:colcon.colcon_core.environment:checking '/home/taisyu/ros2_ws/src/mypkg2/install/mypkg2' for CMake module files
[1.127s] Level 1:colcon.colcon_core.environment:checking '/home/taisyu/ros2_ws/src/mypkg2/install/mypkg2' for CMake config files
[1.128s] Level 1:colcon.colcon_core.environment:checking '/home/taisyu/ros2_ws/src/mypkg2/install/mypkg2/lib'
[1.128s] Level 1:colcon.colcon_core.environment:checking '/home/taisyu/ros2_ws/src/mypkg2/install/mypkg2/bin'
[1.128s] Level 1:colcon.colcon_core.environment:checking '/home/taisyu/ros2_ws/src/mypkg2/install/mypkg2/lib/pkgconfig/mypkg2.pc'
[1.128s] Level 1:colcon.colcon_core.environment:checking '/home/taisyu/ros2_ws/src/mypkg2/install/mypkg2/lib/python3.8/site-packages'
[1.128s] Level 1:colcon.colcon_core.shell:create_environment_hook('mypkg2', 'pythonpath')
[1.130s] INFO:colcon.colcon_core.shell:Creating environment hook '/home/taisyu/ros2_ws/src/mypkg2/install/mypkg2/share/mypkg2/hook/pythonpath.ps1'
[1.130s] INFO:colcon.colcon_core.shell:Creating environment descriptor '/home/taisyu/ros2_ws/src/mypkg2/install/mypkg2/share/mypkg2/hook/pythonpath.dsv'
[1.130s] INFO:colcon.colcon_core.shell:Creating environment hook '/home/taisyu/ros2_ws/src/mypkg2/install/mypkg2/share/mypkg2/hook/pythonpath.sh'
[1.131s] Level 1:colcon.colcon_core.environment:checking '/home/taisyu/ros2_ws/src/mypkg2/install/mypkg2/bin'
[1.131s] Level 1:colcon.colcon_core.environment:create_environment_scripts_only(mypkg2)
[1.132s] INFO:colcon.colcon_core.shell:Creating package script '/home/taisyu/ros2_ws/src/mypkg2/install/mypkg2/share/mypkg2/package.ps1'
[1.132s] INFO:colcon.colcon_core.shell:Creating package descriptor '/home/taisyu/ros2_ws/src/mypkg2/install/mypkg2/share/mypkg2/package.dsv'
[1.133s] INFO:colcon.colcon_core.shell:Creating package script '/home/taisyu/ros2_ws/src/mypkg2/install/mypkg2/share/mypkg2/package.sh'
[1.133s] INFO:colcon.colcon_core.shell:Creating package script '/home/taisyu/ros2_ws/src/mypkg2/install/mypkg2/share/mypkg2/package.bash'
[1.134s] INFO:colcon.colcon_core.shell:Creating package script '/home/taisyu/ros2_ws/src/mypkg2/install/mypkg2/share/mypkg2/package.zsh'
[1.134s] Level 1:colcon.colcon_core.environment:create_file_with_runtime_dependencies(/home/taisyu/ros2_ws/src/mypkg2/install/mypkg2/share/colcon-core/packages/mypkg2)
[1.135s] DEBUG:colcon.colcon_parallel_executor.executor.parallel:closing loop
[1.135s] DEBUG:colcon.colcon_parallel_executor.executor.parallel:loop closed
[1.135s] DEBUG:colcon.colcon_parallel_executor.executor.parallel:run_until_complete finished with '0'
[1.135s] DEBUG:colcon.colcon_core.event_reactor:joining thread
[1.143s] INFO:colcon.colcon_core.plugin_system:Skipping extension 'colcon_notification.desktop_notification.terminal_notifier': Not used on non-Darwin systems
[1.143s] INFO:colcon.colcon_core.plugin_system:Skipping extension 'colcon_notification.desktop_notification.win32': Not used on non-Windows systems
[1.143s] INFO:colcon.colcon_notification.desktop_notification:Sending desktop notification using 'notify2'
[1.166s] DEBUG:colcon.colcon_core.event_reactor:joined thread
[1.168s] INFO:colcon.colcon_core.shell:Creating prefix script '/home/taisyu/ros2_ws/src/mypkg2/install/local_setup.ps1'
[1.170s] INFO:colcon.colcon_core.shell:Creating prefix util module '/home/taisyu/ros2_ws/src/mypkg2/install/_local_setup_util_ps1.py'
[1.172s] INFO:colcon.colcon_core.shell:Creating prefix chain script '/home/taisyu/ros2_ws/src/mypkg2/install/setup.ps1'
[1.174s] INFO:colcon.colcon_core.shell:Creating prefix script '/home/taisyu/ros2_ws/src/mypkg2/install/local_setup.sh'
[1.174s] INFO:colcon.colcon_core.shell:Creating prefix util module '/home/taisyu/ros2_ws/src/mypkg2/install/_local_setup_util_sh.py'
[1.175s] INFO:colcon.colcon_core.shell:Creating prefix chain script '/home/taisyu/ros2_ws/src/mypkg2/install/setup.sh'
[1.177s] INFO:colcon.colcon_core.shell:Creating prefix script '/home/taisyu/ros2_ws/src/mypkg2/install/local_setup.bash'
[1.177s] INFO:colcon.colcon_core.shell:Creating prefix chain script '/home/taisyu/ros2_ws/src/mypkg2/install/setup.bash'
[1.179s] INFO:colcon.colcon_core.shell:Creating prefix script '/home/taisyu/ros2_ws/src/mypkg2/install/local_setup.zsh'
[1.179s] INFO:colcon.colcon_core.shell:Creating prefix chain script '/home/taisyu/ros2_ws/src/mypkg2/install/setup.zsh'
